[ERROR][2020-05-13 17:46:55,815][main.main(E:\SVN\jiangshihecheng\template\script\statistics\statistics.php:30)] Array
(
    [0] => userInfo.100100000000005
    [1] => userInfo.100100000000003
    [2] => userInfo.100100000000004
    [3] => userInfo.100100000000006
    [4] => userInfo.100100000000002
    [5] => userInfo.100100000000007
)

[ERROR][2020-05-13 17:46:55,816][main.main(E:\SVN\jiangshihecheng\template\script\statistics\statistics.php:39)] 1589299200
[ERROR][2020-05-13 17:46:55,816][main.main(E:\SVN\jiangshihecheng\template\script\statistics\statistics.php:41)] 1589385600
[ERROR][2020-05-13 17:46:55,817][main.main(E:\SVN\jiangshihecheng\template\script\statistics\statistics.php:44)] userInfo.100100000000005
[ERROR][2020-05-13 17:46:55,817][main.main(E:\SVN\jiangshihecheng\template\script\statistics\statistics.php:46)] Array
(
    [0] => userInfo
    [1] => 100100000000005
)

[ERROR][2020-05-13 17:46:55,817][main.main(E:\SVN\jiangshihecheng\template\script\statistics\statistics.php:48)] 100100000000005
[ERROR][2020-05-13 17:46:55,818][main.main(E:\SVN\jiangshihecheng\template\script\statistics\statistics.php:51)] Array
(
    [code] => 0
    [data] => {"name":"","uid":"100100000000005","openId":"a4c68006","money":10000,"diamond":0,"level":0,"rank":1,"maxRank":0,"moneyBox":0,"freeDiamondNum":0,"freeMoneyNum":0,"freeMoneyLastTime":0,"upAwardSign":-1,"lastOffEarnings":null,"nextResetTime":1588262400,"guide":0,"createTime":1588248837,"lastCommunicationTime":1588248850,"version":5,"hongbao":{"val":0,"time":1588262399,"balance":0,"ADNum":0,"record":{"1":{"state":1,"activeTime":0},"2":{"state":1,"activeTime":0},"3":{"state":1,"activeTime":0},"4":{"state":1,"activeTime":0},"5":{"state":1,"activeTime":0},"6":{"state":1,"activeTime":0},"7":{"state":1,"activeTime":0},"8":{"state":1,"activeTime":0}}},"work":{"id":0,"startTime":0},"speed":{"mark":false,"endTime":0,"surplusTime":0,"rate":0,"limit":{}},"dailyTask":{"2":1,"5":1},"dailyTaskRecord":{"1":{"id":"1","type":1,"state":1},"2":{"id":"2","type":1,"state":1},"3":{"id":"3","type":1,"state":1},"4":{"id":"4","type":2,"state":2},"5":{"id":"5","type":2,"state":1},"6":{"id":"6","type":3,"state":1},"7":{"id":"7","type":3,"state":1},"8":{"id":"8","type":3,"state":1},"9":{"id":"9","type":4,"state":1},"10":{"id":"10","type":4,"state":1},"11":{"id":"11","type":4,"state":1},"12":{"id":"12","type":5,"state":2},"13":{"id":"13","type":5,"state":1},"14":{"id":"14","type":5,"state":1}},"achievement":{"2":1},"achievementRecord":{"1":{"id":"1","state":1},"6":{"id":"15","state":1},"2":{"id":"51","state":1},"3":{"id":"74","state":1},"4":{"id":"97","state":1}},"pet":{"list":[{"level":0,"type":0,"id":0},{"level":0,"type":0,"id":0},{"level":0,"type":0,"id":0},{"level":0,"type":0,"id":0},{"level":0,"type":0,"id":0},{"level":0,"type":2,"id":"10002"},{"level":0,"type":0,"id":0},{"level":0,"type":0,"id":0},{"level":0,"type":0,"id":0},{"level":0,"type":0,"id":0},{"level":0,"type":0,"id":0},{"level":0,"type":0,"id":0},{"level":0,"type":0,"id":0},{"level":0,"type":0,"id":0},{"level":0,"type":0,"id":0}],"lastUp":{},"maxLevel":0,"maxLevelReward":0,"moneyBuyRecord":{},"diamondBuyRecord":{},"qk":{"level":1,"money":107},"killBoxRecord":1,"boxOverflow":[]},"signIn":{"lastTime":0,"timer":0},"roll":{"lastTime":0,"ticket":15,"addJiaBei":1,"lastTrigger":0}}
)

[ERROR][2020-05-13 17:46:55,818][main.main(E:\SVN\jiangshihecheng\template\script\statistics\statistics.php:44)] userInfo.100100000000003
[ERROR][2020-05-13 17:46:55,818][main.main(E:\SVN\jiangshihecheng\template\script\statistics\statistics.php:46)] Array
(
    [0] => userInfo
    [1] => 100100000000003
)

[ERROR][2020-05-13 17:46:55,818][main.main(E:\SVN\jiangshihecheng\template\script\statistics\statistics.php:48)] 100100000000003
[ERROR][2020-05-13 17:46:55,819][main.main(E:\SVN\jiangshihecheng\template\script\statistics\statistics.php:51)] Array
(
    [code] => 0
    [data] => {"name":"","uid":"100100000000003","openId":"a4c68006","money":2147792090,"diamond":0,"level":0,"rank":1,"maxRank":0,"moneyBox":0,"freeDiamondNum":0,"freeMoneyNum":0,"freeMoneyLastTime":1588159733,"upAwardSign":-1,"lastOffEarnings":66636,"nextResetTime":1588262400,"guide":0,"createTime":1588146423,"lastCommunicationTime":1588248540,"version":5,"hongbao":{"val":0,"time":1588262399,"balance":0,"ADNum":0,"record":{"1":{"state":1,"activeTime":0},"2":{"state":1,"activeTime":0},"3":{"state":1,"activeTime":0},"4":{"state":1,"activeTime":0},"5":{"state":1,"activeTime":0},"6":{"state":1,"activeTime":0},"7":{"state":1,"activeTime":0},"8":{"state":1,"activeTime":0}}},"work":{"id":0,"startTime":0},"speed":{"mark":false,"endTime":0,"surplusTime":0,"rate":0,"limit":{}},"dailyTask":{"2":13},"dailyTaskRecord":{"1":{"id":"1","type":1,"state":1},"2":{"id":"2","type":1,"state":1},"3":{"id":"3","type":1,"state":1},"4":{"id":"4","type":2,"state":2},"5":{"id":"5","type":2,"state":2},"6":{"id":"6","type":3,"state":1},"7":{"id":"7","type":3,"state":1},"8":{"id":"8","type":3,"state":1},"9":{"id":"9","type":4,"state":1},"10":{"id":"10","type":4,"state":1},"11":{"id":"11","type":4,"state":1},"12":{"id":"12","type":5,"state":1},"13":{"id":"13","type":5,"state":1},"14":{"id":"14","type":5,"state":1}},"achievement":{"2":24,"1":4,"6":{"2":3,"3":1}},"achievementRecord":{"1":{"id":"1","state":2},"6":{"id":"15","state":2},"2":{"id":"51","state":2},"3":{"id":"74","state":1},"4":{"id":"97","state":1}},"pet":{"list":[{"level":0,"type":0,"id":0},{"level":0,"type":0,"id":0},{"level":0,"type":0,"id":0},{"level":0,"type":0,"id":0},{"level":0,"type":0,"id":0},{"level":5,"type":1,"id":5},{"level":0,"type":0,"id":0},{"level":3,"type":1,"id":3},{"level":1,"type":1,"id":1},{"level":1,"type":1,"id":1},{"level":1,"type":1,"id":1},{"level":1,"type":1,"id":1},{"level":1,"type":1,"id":1},{"level":0,"type":0,"id":0},{"level":0,"type":0,"id":0}],"lastUp":{"site":5,"upLevel":3},"maxLevel":3,"maxLevelReward":3,"moneyBuyRecord":{"1":11},"diamondBuyRecord":{},"qk":{"level":1,"money":223},"killBoxRecord":0,"boxOverflow":[]},"signIn":{"lastTime":0,"timer":0},"roll":{"lastTime":0,"ticket":15,"addJiaBei":1,"lastTrigger":0}}
)

[ERROR][2020-05-13 17:46:55,819][main.main(E:\SVN\jiangshihecheng\template\script\statistics\statistics.php:44)] userInfo.100100000000004
[ERROR][2020-05-13 17:46:55,819][main.main(E:\SVN\jiangshihecheng\template\script\statistics\statistics.php:46)] Array
(
    [0] => userInfo
    [1] => 100100000000004
)

[ERROR][2020-05-13 17:46:55,819][main.main(E:\SVN\jiangshihecheng\template\script\statistics\statistics.php:48)] 100100000000004
[ERROR][2020-05-13 17:46:55,820][main.main(E:\SVN\jiangshihecheng\template\script\statistics\statistics.php:51)] Array
(
    [code] => 0
    [data] => {"name":"","uid":"100100000000004","openId":"a4c68006","money":10000,"diamond":0,"level":0,"rank":1,"maxRank":0,"moneyBox":0,"freeDiamondNum":0,"freeMoneyNum":0,"freeMoneyLastTime":0,"upAwardSign":-1,"lastOffEarnings":null,"nextResetTime":1588262400,"guide":0,"createTime":1588248735,"lastCommunicationTime":1588248752,"version":5,"hongbao":{"val":0,"time":1588262399,"balance":0,"ADNum":0,"record":{"1":{"state":1,"activeTime":0},"2":{"state":1,"activeTime":0},"3":{"state":1,"activeTime":0},"4":{"state":1,"activeTime":0},"5":{"state":1,"activeTime":0},"6":{"state":1,"activeTime":0},"7":{"state":1,"activeTime":0},"8":{"state":1,"activeTime":0}}},"work":{"id":0,"startTime":0},"speed":{"mark":false,"endTime":0,"surplusTime":0,"rate":0,"limit":{}},"dailyTask":{"2":1,"5":1},"dailyTaskRecord":{"1":{"id":"1","type":1,"state":1},"2":{"id":"2","type":1,"state":1},"3":{"id":"3","type":1,"state":1},"4":{"id":"4","type":2,"state":2},"5":{"id":"5","type":2,"state":1},"6":{"id":"6","type":3,"state":1},"7":{"id":"7","type":3,"state":1},"8":{"id":"8","type":3,"state":1},"9":{"id":"9","type":4,"state":1},"10":{"id":"10","type":4,"state":1},"11":{"id":"11","type":4,"state":1},"12":{"id":"12","type":5,"state":2},"13":{"id":"13","type":5,"state":1},"14":{"id":"14","type":5,"state":1}},"achievement":{"2":1},"achievementRecord":{"1":{"id":"1","state":1},"6":{"id":"15","state":1},"2":{"id":"51","state":1},"3":{"id":"74","state":1},"4":{"id":"97","state":1}},"pet":{"list":[{"level":0,"type":0,"id":0},{"level":0,"type":0,"id":0},{"level":0,"type":0,"id":0},{"level":0,"type":0,"id":0},{"level":0,"type":0,"id":0},{"level":0,"type":2,"id":"10001"},{"level":0,"type":0,"id":0},{"level":0,"type":0,"id":0},{"level":0,"type":0,"id":0},{"level":0,"type":0,"id":0},{"level":0,"type":0,"id":0},{"level":0,"type":0,"id":0},{"level":0,"type":0,"id":0},{"level":0,"type":0,"id":0},{"level":0,"type":0,"id":0}],"lastUp":{},"maxLevel":0,"maxLevelReward":0,"moneyBuyRecord":{},"diamondBuyRecord":{},"qk":{"level":1,"money":107},"killBoxRecord":1,"boxOverflow":[]},"signIn":{"lastTime":0,"timer":0},"roll":{"lastTime":0,"ticket":15,"addJiaBei":1,"lastTrigger":0}}
)

[ERROR][2020-05-13 17:46:55,820][main.main(E:\SVN\jiangshihecheng\template\script\statistics\statistics.php:44)] userInfo.100100000000006
[ERROR][2020-05-13 17:46:55,820][main.main(E:\SVN\jiangshihecheng\template\script\statistics\statistics.php:46)] Array
(
    [0] => userInfo
    [1] => 100100000000006
)

[ERROR][2020-05-13 17:46:55,820][main.main(E:\SVN\jiangshihecheng\template\script\statistics\statistics.php:48)] 100100000000006
[ERROR][2020-05-13 17:46:55,821][main.main(E:\SVN\jiangshihecheng\template\script\statistics\statistics.php:51)] Array
(
    [code] => 0
    [data] => {"name":"","uid":"100100000000006","openId":"a4c68006","money":10711,"diamond":0,"level":0,"rank":1,"maxRank":0,"moneyBox":0,"freeDiamondNum":0,"freeMoneyNum":0,"freeMoneyLastTime":0,"upAwardSign":-1,"lastOffEarnings":711,"nextResetTime":1588262400,"guide":0,"createTime":1588249019,"lastCommunicationTime":1588249110,"version":5,"hongbao":{"val":0,"time":1588262399,"balance":0,"ADNum":0,"record":{"1":{"state":1,"activeTime":0},"2":{"state":1,"activeTime":0},"3":{"state":1,"activeTime":0},"4":{"state":1,"activeTime":0},"5":{"state":1,"activeTime":0},"6":{"state":1,"activeTime":0},"7":{"state":1,"activeTime":0},"8":{"state":1,"activeTime":0}}},"work":{"id":0,"startTime":0},"speed":{"mark":false,"endTime":0,"surplusTime":0,"rate":0,"limit":{}},"dailyTask":{"2":2,"5":1},"dailyTaskRecord":{"1":{"id":"1","type":1,"state":1},"2":{"id":"2","type":1,"state":1},"3":{"id":"3","type":1,"state":1},"4":{"id":"4","type":2,"state":2},"5":{"id":"5","type":2,"state":1},"6":{"id":"6","type":3,"state":1},"7":{"id":"7","type":3,"state":1},"8":{"id":"8","type":3,"state":1},"9":{"id":"9","type":4,"state":1},"10":{"id":"10","type":4,"state":1},"11":{"id":"11","type":4,"state":1},"12":{"id":"12","type":5,"state":2},"13":{"id":"13","type":5,"state":1},"14":{"id":"14","type":5,"state":1}},"achievement":{"2":2},"achievementRecord":{"1":{"id":"1","state":1},"6":{"id":"15","state":1},"2":{"id":"51","state":1},"3":{"id":"74","state":1},"4":{"id":"97","state":1}},"pet":{"list":[{"level":0,"type":0,"id":0},{"level":0,"type":0,"id":0},{"level":0,"type":0,"id":0},{"level":0,"type":0,"id":0},{"level":0,"type":0,"id":0},{"level":0,"type":2,"id":"10002"},{"level":0,"type":0,"id":0},{"level":0,"type":0,"id":0},{"level":0,"type":0,"id":0},{"level":0,"type":0,"id":0},{"level":0,"type":0,"id":0},{"level":0,"type":0,"id":0},{"level":0,"type":0,"id":0},{"level":0,"type":0,"id":0},{"level":0,"type":0,"id":0}],"lastUp":{},"maxLevel":0,"maxLevelReward":0,"moneyBuyRecord":{},"diamondBuyRecord":{},"qk":{"level":1,"money":107},"killBoxRecord":1,"boxOverflow":[]},"signIn":{"lastTime":0,"timer":0},"roll":{"lastTime":0,"ticket":15,"addJiaBei":1,"lastTrigger":0}}
)

[ERROR][2020-05-13 17:46:55,821][main.main(E:\SVN\jiangshihecheng\template\script\statistics\statistics.php:44)] userInfo.100100000000002
[ERROR][2020-05-13 17:46:55,821][main.main(E:\SVN\jiangshihecheng\template\script\statistics\statistics.php:46)] Array
(
    [0] => userInfo
    [1] => 100100000000002
)

[ERROR][2020-05-13 17:46:55,821][main.main(E:\SVN\jiangshihecheng\template\script\statistics\statistics.php:48)] 100100000000002
[ERROR][2020-05-13 17:46:55,822][main.main(E:\SVN\jiangshihecheng\template\script\statistics\statistics.php:51)] Array
(
    [code] => 0
    [data] => {"name":"","uid":"100100000000002","openId":"a4c68006","money":0,"diamond":0,"level":0,"rank":1,"maxRank":0,"moneyBox":0,"freeDiamondNum":0,"upAwardSign":-1,"lastOffEarnings":495,"nextResetTime":1588176000,"guide":0,"createTime":1587609648,"lastCommunicationTime":1588146482,"version":4,"hongbao":{"val":0,"time":1588175999,"balance":1000,"ADNum":0,"record":{"1":{"state":2,"activeTime":1588135068},"2":{"state":2,"activeTime":1588135068},"3":{"state":2,"activeTime":1588135068},"4":{"state":2,"activeTime":1588135068},"5":{"state":2,"activeTime":1588135068},"6":{"state":2,"activeTime":1588135068},"7":{"state":2,"activeTime":1588135068}}},"work":{"id":0,"startTime":0},"speed":{"mark":false,"endTime":0,"surplusTime":0,"rate":0,"limit":{}},"dailyTask":{"2":2,"1":4,"6":{"2":3,"3":1}},"dailyTaskRecord":{"1":{"id":"1","type":1,"state":2},"2":{"id":"2","type":1,"state":1},"3":{"id":"3","type":1,"state":1},"4":{"id":"4","type":2,"state":2},"5":{"id":"5","type":2,"state":1},"6":{"id":"6","type":3,"state":1},"7":{"id":"7","type":3,"state":1},"8":{"id":"8","type":3,"state":1},"9":{"id":"9","type":4,"state":1},"10":{"id":"10","type":4,"state":1},"11":{"id":"11","type":4,"state":1},"12":{"id":"12","type":5,"state":1},"13":{"id":"13","type":5,"state":1},"14":{"id":"14","type":5,"state":1}},"achievement":{"2":4,"1":4,"6":{"2":3,"3":1}},"achievementRecord":{"1":{"id":"1","state":2},"6":{"id":"15","state":2},"2":{"id":"51","state":1},"3":{"id":"74","state":1},"4":{"id":"97","state":1}},"pet":{"list":[{"level":0,"type":0,"id":0},{"level":0,"type":0,"id":0},{"level":0,"type":0,"id":0},{"level":0,"type":0,"id":0},{"level":0,"type":0,"id":0},{"level":2,"type":1,"id":2},{"level":0,"type":0,"id":0},{"level":9,"type":1,"id":9},{"level":1,"type":1,"id":1},{"level":1,"type":1,"id":1},{"level":1,"type":1,"id":1},{"level":1,"type":1,"id":1},{"level":1,"type":1,"id":1},{"level":1,"type":1,"id":1},{"level":1,"type":1,"id":1}],"maxLevel":3,"maxLevelReward":3,"moneyBuyRecord":{"1":13},"diamondBuyRecord":{},"qk":{"level":1,"money":255},"killBoxRecord":0,"boxOverflow":[],"lastUpSite":7,"lastUp":{"site":5,"upLevel":null}},"signIn":{"lastTime":0,"timer":0},"roll":{"lastTime":0,"ticket":15,"addJiaBei":1,"lastTrigger":0}}
)

[ERROR][2020-05-13 17:46:55,822][main.main(E:\SVN\jiangshihecheng\template\script\statistics\statistics.php:44)] userInfo.100100000000007
[ERROR][2020-05-13 17:46:55,822][main.main(E:\SVN\jiangshihecheng\template\script\statistics\statistics.php:46)] Array
(
    [0] => userInfo
    [1] => 100100000000007
)

[ERROR][2020-05-13 17:46:55,822][main.main(E:\SVN\jiangshihecheng\template\script\statistics\statistics.php:48)] 100100000000007
[ERROR][2020-05-13 17:46:55,823][main.main(E:\SVN\jiangshihecheng\template\script\statistics\statistics.php:51)] Array
(
    [code] => 0
    [data] => {"name":"","uid":"100100000000007","openId":"a4c68006","money":580086,"diamond":3700,"level":0,"rank":1,"maxRank":0,"moneyBox":0,"freeDiamondNum":0,"freeMoneyNum":0,"freeMoneyLastTime":0,"upAwardSign":-1,"lastOffEarnings":187200,"nextResetTime":1589731200,"guide":0,"createTime":1588249197,"lastCommunicationTime":1589681644,"version":5,"hongbao":{"val":0,"time":1589385599,"balance":0,"ADNum":0,"record":{"1":{"state":3,"activeTime":0},"2":{"state":3,"activeTime":0},"3":{"state":3,"activeTime":0},"4":{"state":3,"activeTime":0},"5":{"state":3,"activeTime":0},"6":{"state":3,"activeTime":0},"7":{"state":3,"activeTime":0},"8":{"state":3,"activeTime":0}}},"work":{"id":0,"startTime":0},"speed":{"mark":false,"endTime":0,"surplusTime":0,"rate":0,"limit":{}},"dailyTask":{},"dailyTaskRecord":{"1":{"id":"1","type":1,"state":1},"2":{"id":"2","type":1,"state":1},"3":{"id":"3","type":1,"state":1},"4":{"id":"4","type":2,"state":1},"5":{"id":"5","type":2,"state":1},"6":{"id":"6","type":3,"state":1},"7":{"id":"7","type":3,"state":1},"8":{"id":"8","type":3,"state":1},"9":{"id":"9","type":4,"state":1},"10":{"id":"10","type":4,"state":1},"11":{"id":"11","type":4,"state":1},"12":{"id":"12","type":5,"state":1},"13":{"id":"13","type":5,"state":1},"14":{"id":"14","type":5,"state":1}},"achievement":{"2":7,"1":2,"6":{"2":1,"9":1}},"achievementRecord":{"1":{"id":"1","state":1},"6":{"id":"15","state":2},"2":{"id":"51","state":2},"3":{"id":"74","state":1},"4":{"id":"97","state":1}},"pet":{"list":[{"level":0,"type":0,"id":0},{"level":0,"type":0,"id":0},{"level":0,"type":0,"id":0},{"level":0,"type":0,"id":0},{"level":0,"type":0,"id":0},{"level":0,"type":2,"id":"10001"},{"level":9,"type":1,"id":9},{"level":0,"type":0,"id":0},{"level":0,"type":0,"id":0},{"level":1,"type":1,"id":1},{"level":1,"type":1,"id":1},{"level":1,"type":1,"id":1},{"level":1,"type":1,"id":1},{"level":1,"type":1,"id":1},{"level":1,"type":1,"id":1}],"lastUp":{"site":6,"upLevel":0},"maxLevel":9,"maxLevelReward":9,"moneyBuyRecord":{"1":9},"diamondBuyRecord":{},"qk":{"level":1,"money":195},"killBoxRecord":1,"boxOverflow":[]},"signIn":{"lastTime":1589681644,"timer":7},"roll":{"lastTime":0,"ticket":15,"addJiaBei":1,"lastTrigger":0}}
)

[ERROR][2020-05-13 17:46:55,823][main.main(E:\SVN\jiangshihecheng\template\script\statistics\statistics.php:82)] Array
(
    [newAddUser] => 0
    [bindWxUser] => 6
    [succGuideUser] => 3
)

